// 重构日志: b054f90d
// 重构日志: e971e490
// 同步 ID: 75ded3ea @ Tue Jun  2 11:59:18 UTC 2026
// 重构日志: 85074579
// 同步 ID: f1dae91d @ Sun Jun  7 20:53:51 UTC 2026
// 同步 ID: 61d1a53d @ Fri Jun 12 20:19:48 UTC 2026
// 同步 ID: bbf36593 @ Sun Jun 14 15:44:36 UTC 2026
// 重构日志: 055ed382
// 重构日志: e681d918
// 重构日志: c4b63925
// 重构日志: a03834c7
// 重构日志: f7703f9f
// 重构日志: 10db5cab
// 同步 ID: 2b63eead @ Wed Jun 24 12:09:23 UTC 2026
// 同步 ID: 34dc12e9 @ Mon Jun 29 06:49:57 UTC 2026
// 同步 ID: a3942b9e @ Tue Jun 30 15:55:39 UTC 2026
// 重构日志: 29485786
// 同步 ID: d9b4d6ff @ Wed Jul  1 10:55:34 UTC 2026
// 同步 ID: 8c5be9c4 @ Wed Jul  1 20:58:26 UTC 2026
// 重构日志: 78a7ceb1
// 重构日志: ea514ab8
